#
# There is insufficient memory for the Java Runtime Environment to continue.
# Native memory allocation (malloc) failed to allocate 1048576 bytes for AllocateHeap
# Possible reasons:
#   The system is out of physical RAM or swap space
#   In 32 bit mode, the process size limit was hit
# Possible solutions:
#   Reduce memory load on the system
#   Increase physical memory or swap space
#   Check if swap backing store is full
#   Use 64 bit Java on a 64 bit OS
#   Decrease Java heap size (-Xmx/-Xms)
#   Decrease number of Java threads
#   Decrease Java thread stack sizes (-Xss)
#   Set larger code cache with -XX:ReservedCodeCacheSize=
# This output file may be truncated or incomplete.
#
#  Out of Memory Error (memory/allocation.inline.hpp:61), pid=3440, tid=6716
#
# JRE version:  (7.0_79-b15) (build )
# Java VM: Java HotSpot(TM) 64-Bit Server VM (24.79-b02 mixed mode windows-amd64 compressed oops)
# Failed to write core dump. Minidumps are not enabled by default on client versions of Windows
#

---------------  T H R E A D  ---------------

Current thread (0x00000000020ee000):  JavaThread "Unknown thread" [_thread_in_vm, id=6716, stack(0x0000000002520000,0x0000000002620000)]

Stack: [0x0000000002520000,0x0000000002620000]
[error occurred during error reporting (printing stack bounds), id 0xc0000005]


---------------  P R O C E S S  ---------------

Java Threads: ( => current thread )

Other Threads:

=>0x00000000020ee000 (exited) JavaThread "Unknown thread" [_thread_in_vm, id=6716, stack(0x0000000002520000,0x0000000002620000)]

VM state:not at safepoint (normal execution)

VM Mutex/Monitor currently owned by a thread: None

Heap
 PSYoungGen      total 38400K, used 665K [0x00000000eaa80000, 0x00000000ed500000, 0x0000000100000000)
  eden space 33280K, 2% used [0x00000000eaa80000,0x00000000eab266b8,0x00000000ecb00000)
  from space 5120K, 0% used [0x00000000ed000000,0x00000000ed000000,0x00000000ed500000)
  to   space 5120K, 0% used [0x00000000ecb00000,0x00000000ecb00000,0x00000000ed000000)
 ParOldGen       total 86528K, used 0K [0x00000000c0000000, 0x00000000c5480000, 0x00000000eaa80000)
  object space 86528K, 0% used [0x00000000c0000000,0x00000000c0000000,0x00000000c5480000)
 PSPermGen       total 21504K, used 697K [0x00000000bae00000, 0x00000000bc300000, 0x00000000c0000000)
  object space 21504K, 3% used [0x00000000bae00000,0x00000000baeae588,0x00000000bc300000)

Card table byte_map: [0x0000000005620000,0x0000000005850000] byte_map_base: 0x0000000005049000

Polling page: 0x0000000000240000

Code Cache  [0x0000000002620000, 0x0000000002890000, 0x0000000005620000)
 total_blobs=38 nmethods=0 adapters=20 free_code_cache=48889Kb largest_free_block=50062528

Compilation events (0 events):
No events

GC Heap History (0 events):
No events

Deoptimization events (0 events):
No events

Internal exceptions (0 events):
No events

Events (10 events):
Event: 0.030 loading class 0x000000000216eb20
Event: 0.030 loading class 0x000000000216eb20 done
Event: 0.030 loading class 0x000000000216eb70
Event: 0.030 loading class 0x000000000216eb70 done
Event: 0.030 loading class 0x000000000216ebc0
Event: 0.030 loading class 0x000000000216ebc0 done
Event: 0.031 loading class 0x000000000216f940
Event: 0.031 loading class 0x000000000216f940 done
Event: 0.031 loading class 0x000000000216f560
Event: 0.031 loading class 0x000000000216f560 done


Dynamic libraries:
0x000000013fb90000 - 0x000000013fbc3000 	C:\Program Files\Java\jdk1.7.0_79\bin\java.exe
0x0000000077690000 - 0x000000007783a000 	C:\windows\SYSTEM32\ntdll.dll
0x0000000077470000 - 0x000000007758f000 	C:\windows\system32\kernel32.dll
0x000007fefd580000 - 0x000007fefd5eb000 	C:\windows\system32\KERNELBASE.dll
0x000007fefe2c0000 - 0x000007fefe39b000 	C:\windows\system32\ADVAPI32.dll
0x000007fefdf90000 - 0x000007fefe02f000 	C:\windows\system32\msvcrt.dll
0x000007fefe5e0000 - 0x000007fefe5ff000 	C:\windows\SYSTEM32\sechost.dll
0x000007fefe440000 - 0x000007fefe56d000 	C:\windows\system32\RPCRT4.dll
0x0000000077590000 - 0x000000007768a000 	C:\windows\system32\USER32.dll
0x000007fefe570000 - 0x000007fefe5d7000 	C:\windows\system32\GDI32.dll
0x000007fefe2b0000 - 0x000007fefe2be000 	C:\windows\system32\LPK.dll
0x000007fefd9c0000 - 0x000007fefda8a000 	C:\windows\system32\USP10.dll
0x000007fefbda0000 - 0x000007fefbf94000 	C:\windows\WinSxS\amd64_microsoft.windows.common-controls_6595b64144ccf1df_6.0.7601.18837_none_fa3b1e3d17594757\COMCTL32.dll
0x000007fefe870000 - 0x000007fefe8e1000 	C:\windows\system32\SHLWAPI.dll
0x000007feff970000 - 0x000007feff99e000 	C:\windows\system32\IMM32.DLL
0x000007fefd860000 - 0x000007fefd969000 	C:\windows\system32\MSCTF.dll
0x000000006cd10000 - 0x000000006cde2000 	C:\Program Files\Java\jdk1.7.0_79\jre\bin\msvcr100.dll
0x000000006ed40000 - 0x000000006f515000 	C:\Program Files\Java\jdk1.7.0_79\jre\bin\server\jvm.dll
0x000007fef8f80000 - 0x000007fef8f89000 	C:\windows\system32\WSOCK32.dll
0x000007fefd970000 - 0x000007fefd9bd000 	C:\windows\system32\WS2_32.dll
0x000007fefd850000 - 0x000007fefd858000 	C:\windows\system32\NSI.dll
0x000007fef9f50000 - 0x000007fef9f8b000 	C:\windows\system32\WINMM.dll
0x0000000077850000 - 0x0000000077857000 	C:\windows\system32\PSAPI.DLL
0x0000000074c10000 - 0x0000000074c1f000 	C:\Program Files\Java\jdk1.7.0_79\jre\bin\verify.dll
0x0000000072570000 - 0x0000000072598000 	C:\Program Files\Java\jdk1.7.0_79\jre\bin\java.dll
0x0000000074bb0000 - 0x0000000074bc5000 	C:\Program Files\Java\jdk1.7.0_79\jre\bin\zip.dll

VM Arguments:
jvm_args: -Djava.awt.headless=true -Xmx1024M -Dfile.encoding=windows-1251 -Duser.country=US -Duser.language=en -Duser.variant 
java_command: com.android.dx.command.Main --dex --num-threads=4 --output C:\Users\esvolkov\AndroidStudioProjects\Camera\Camera\build\intermediates\pre-dexed\debug\internal_impl-23.1.1_0f5b47589b3324eec18070735778664d73e78ed9.jar C:\Users\esvolkov\AndroidStudioProjects\Camera\Camera\build\intermediates\exploded-aar\com.android.support\support-v4\23.1.1\jars\libs\internal_impl-23.1.1.jar
Launcher Type: SUN_STANDARD

Environment Variables:
JAVA_HOME=C:\Program Files\Java\jdk1.7.0_79
JRE_HOME=C:\Program Files\Java\jre7
PATH=C:\ProgramData\Oracle\Java\javapath;C:\Program Files (x86)\NVIDIA Corporation\PhysX\Common;C:\windows\system32;C:\windows;C:\windows\System32\Wbem;C:\windows\System32\WindowsPowerShell\v1.0\;C:\Program Files (x86)\System Center Operations Manager 2007\;C:\Programs\apache-ant-1.9.2\bin;C:\Programs\apache-maven-3.1.0\bin;C:\Data\Programms\smartgit\SmartGit\git\bin;C:\Program Files (x86)\Google\Chrome\Application;C:\ProgramData\Oracle\Java\javapath;C:\Program Files (x86)\NVIDIA Corporation\PhysX\Common;C:\windows\system32;C:\windows;C:\windows\System32\Wbem;C:\windows\System32\WindowsPowerShell\v1.0\;C:\Program Files (x86)\System Center Operations Manager 2007\;C:\Programs\apache-ant-1.9.2\bin;C:\Program Files\TortoiseSVN\bin;C:\Programs\apache-maven-3.1.0\bin
USERNAME=esvolkov
OS=Windows_NT
PROCESSOR_IDENTIFIER=Intel64 Family 6 Model 58 Stepping 9, GenuineIntel



---------------  S Y S T E M  ---------------

OS: Windows 7 , 64 bit Build 7601 Service Pack 1

CPU:total 4 (2 cores per cpu, 2 threads per core) family 6 model 58 stepping 9, cmov, cx8, fxsr, mmx, sse, sse2, sse3, ssse3, sse4.1, sse4.2, popcnt, avx, erms, ht, tsc, tscinvbit, tscinv

Memory: 4k page, physical 8341828k(386616k free), swap 8339992k(5156k free)

vm_info: Java HotSpot(TM) 64-Bit Server VM (24.79-b02) for windows-amd64 JRE (1.7.0_79-b15), built on Apr 10 2015 12:36:16 by "java_re" with unknown MS VC++:1600

time: Thu Feb 18 09:33:13 2016
elapsed time: 0 seconds

